<?xml version="1.0" encoding="UTF-8"?>
<testsuite xmlns:xsi="http://www.w3.org/2001/XMLSchema-instance" xsi:noNamespaceSchemaLocation="https://maven.apache.org/surefire/maven-surefire-plugin/xsd/surefire-test-report-3.0.xsd" version="3.0" name="com.eventosfull.fullapi.FullapiApplicationTests" time="5.591" tests="1" errors="0" skipped="0" failures="0">
  <properties>
[...]
</properties>
  <testcase name="contextLoads" classname="com.eventosfull.fullapi.FullapiApplicationTests" time="0.483">
    <system-out><![CDATA[11:51:09.102 [main] INFO org.springframework.test.context.support.AnnotationConfigContextLoaderUtils -- Could not detect default configuration classes for test class [com.eventosfull.fullapi.FullapiApplicationTests]: FullapiApplicationTests does not declare any static, non-private, non-final, nested classes annotated with @Configuration.
11:51:09.190 [main] INFO org.springframework.boot.test.context.SpringBootTestContextBootstrapper -- Found @SpringBootConfiguration com.eventosfull.fullapi.FullapiApplication for test class com.eventosfull.fullapi.FullapiApplicationTests
11:51:09.376 [main] INFO org.springframework.boot.devtools.restart.RestartApplicationListener -- Restart disabled due to context in which it is running

  .   ____          _            __ _ _
 /\\ / ___'_ __ _ _(_)_ __  __ _ \ \ \ \
( ( )\___ | '_ | '_| | '_ \/ _` | \ \ \ \
 \\/  ___)| |_)| | | | | || (_| |  ) ) ) )
  '  |____| .__|_| |_|_| |_\__, | / / / /
 =========|_|==============|___/=/_/_/_/
 :: Spring Boot ::                (v3.2.5)

2024-07-24T11:51:09.643-03:00  INFO 14152 --- [fullapi] [           main] c.e.fullapi.FullapiApplicationTests      : Starting FullapiApplicationTests using Java 17.0.11 with PID 14152 (started by Rafae in C:\Users\Rafae\OneDrive\Documents\GitHub\FullApi)
2024-07-24T11:51:09.645-03:00  INFO 14152 --- [fullapi] [           main] c.e.fullapi.FullapiApplicationTests      : No active profile set, falling back to 1 default profile: "default"
2024-07-24T11:51:10.325-03:00  INFO 14152 --- [fullapi] [           main] .s.d.r.c.RepositoryConfigurationDelegate : Bootstrapping Spring Data JPA repositories in DEFAULT mode.
2024-07-24T11:51:10.413-03:00  INFO 14152 --- [fullapi] [           main] .s.d.r.c.RepositoryConfigurationDelegate : Finished Spring Data repository scanning in 78 ms. Found 4 JPA repository interfaces.
2024-07-24T11:51:10.849-03:00  INFO 14152 --- [fullapi] [           main] com.zaxxer.hikari.HikariDataSource       : HikariPool-1 - Starting...
2024-07-24T11:51:11.118-03:00  INFO 14152 --- [fullapi] [           main] com.zaxxer.hikari.pool.HikariPool        : HikariPool-1 - Added connection org.postgresql.jdbc.PgConnection@4be0a27d
2024-07-24T11:51:11.120-03:00  INFO 14152 --- [fullapi] [           main] com.zaxxer.hikari.HikariDataSource       : HikariPool-1 - Start completed.
2024-07-24T11:51:11.210-03:00  INFO 14152 --- [fullapi] [           main] o.f.c.internal.license.VersionPrinter    : Flyway Community Edition 9.22.3 by Redgate
2024-07-24T11:51:11.210-03:00  INFO 14152 --- [fullapi] [           main] o.f.c.internal.license.VersionPrinter    : See release notes here: https://rd.gt/416ObMi
2024-07-24T11:51:11.210-03:00  INFO 14152 --- [fullapi] [           main] o.f.c.internal.license.VersionPrinter    : 
2024-07-24T11:51:11.226-03:00  INFO 14152 --- [fullapi] [           main] org.flywaydb.core.FlywayExecutor         : Database: jdbc:postgresql://localhost:5432/eventosfull (PostgreSQL 16.2)
2024-07-24T11:51:11.231-03:00  WARN 14152 --- [fullapi] [           main] o.f.c.internal.database.base.Database    : Flyway upgrade recommended: PostgreSQL 16.2 is newer than this version of Flyway and support has not been tested. The latest supported version of PostgreSQL is 15.
2024-07-24T11:51:11.262-03:00  INFO 14152 --- [fullapi] [           main] o.f.core.internal.command.DbValidate     : Successfully validated 1 migration (execution time 00:00.021s)
2024-07-24T11:51:11.391-03:00  INFO 14152 --- [fullapi] [           main] o.f.core.internal.command.DbMigrate      : Current version of schema "public": << Empty Schema >>
2024-07-24T11:51:11.402-03:00  INFO 14152 --- [fullapi] [           main] o.f.core.internal.command.DbMigrate      : Migrating schema "public" to version "1 - create table"
2024-07-24T11:51:11.428-03:00  INFO 14152 --- [fullapi] [           main] o.f.core.internal.command.DbMigrate      : Successfully applied 1 migration to schema "public", now at version v1 (execution time 00:00.016s)
2024-07-24T11:51:11.530-03:00  INFO 14152 --- [fullapi] [           main] o.hibernate.jpa.internal.util.LogHelper  : HHH000204: Processing PersistenceUnitInfo [name: default]
2024-07-24T11:51:11.618-03:00  INFO 14152 --- [fullapi] [           main] org.hibernate.Version                    : HHH000412: Hibernate ORM core version 6.4.4.Final
2024-07-24T11:51:11.657-03:00  INFO 14152 --- [fullapi] [           main] o.h.c.internal.RegionFactoryInitiator    : HHH000026: Second-level cache disabled
2024-07-24T11:51:11.947-03:00  INFO 14152 --- [fullapi] [           main] o.s.o.j.p.SpringPersistenceUnitInfo      : No LoadTimeWeaver setup: ignoring JPA class transformer
2024-07-24T11:51:12.012-03:00  WARN 14152 --- [fullapi] [           main] org.hibernate.orm.deprecation            : HHH90000025: PostgreSQLDialect does not need to be specified explicitly using 'hibernate.dialect' (remove the property setting and it will be selected by default)
2024-07-24T11:51:12.842-03:00  INFO 14152 --- [fullapi] [           main] o.h.e.t.j.p.i.JtaPlatformInitiator       : HHH000489: No JTA platform available (set 'hibernate.transaction.jta.platform' to enable JTA platform integration)
2024-07-24T11:51:12.844-03:00  INFO 14152 --- [fullapi] [           main] j.LocalContainerEntityManagerFactoryBean : Initialized JPA EntityManagerFactory for persistence unit 'default'
2024-07-24T11:51:13.114-03:00  INFO 14152 --- [fullapi] [           main] o.s.d.j.r.query.QueryEnhancerFactory     : Hibernate is in classpath; If applicable, HQL parser will be used.
2024-07-24T11:51:13.625-03:00  WARN 14152 --- [fullapi] [           main] JpaBaseConfiguration$JpaWebConfiguration : spring.jpa.open-in-view is enabled by default. Therefore, database queries may be performed during view rendering. Explicitly configure spring.jpa.open-in-view to disable this warning
2024-07-24T11:51:14.022-03:00  INFO 14152 --- [fullapi] [           main] c.e.fullapi.FullapiApplicationTests      : Started FullapiApplicationTests in 4.668 seconds (process running for 5.597)
]]></system-out>
  </testcase>
</testsuite>